This is pdfTeX, Version 3.1415926-1.40.11 (TeX Live 2010) (format=latex 2012.12.29)  10 JAN 2013 15:04
entering extended mode
 restricted \write18 enabled.
 %&-line parsing enabled.
**needspace.ins
(./needspace.ins
LaTeX2e <2009/09/24>
Babel <v3.8l> and hyphenation patterns for english, dumylang, nohyphenation, ge
rman-x-2009-06-19, ngerman-x-2009-06-19, ancientgreek, ibycus, arabic, armenian
, basque, bulgarian, catalan, pinyin, coptic, croatian, czech, danish, dutch, u
kenglish, usenglishmax, esperanto, estonian, farsi, finnish, french, galician, 
german, ngerman, swissgerman, monogreek, greek, hungarian, icelandic, assamese,
 bengali, gujarati, hindi, kannada, malayalam, marathi, oriya, panjabi, tamil, 
telugu, indonesian, interlingua, irish, italian, kurmanji, lao, latin, latvian,
 lithuanian, mongolian, mongolianlmc, bokmal, nynorsk, polish, portuguese, roma
nian, russian, sanskrit, serbian, slovak, slovenian, spanish, swedish, turkish,
 turkmen, ukrainian, uppersorbian, welsh, loaded.
(./needspace.tex (./filecontents.sty
Package: filecontents 2011/10/08 v1.3 Create an external file from within a LaT
eX document
)

LaTeX Warning: Overwriting file `./needspace.sty'.

\openout15 = `needspace.sty'.


 ) ) 
Here is how much of TeX's memory you used:
 16 strings out of 493748
 303 string characters out of 3143568
 49070 words of memory out of 3000000
 3402 multiletter control sequences out of 15000+200000
 3640 words of font info for 14 fonts, out of 3000000 for 9000
 714 hyphenation exceptions out of 8191
 13i,0n,10p,168b,312s stack positions out of 5000i,500n,10000p,200000b,50000s

No pages of output.
