This is pdfTeX, Version 3.1415926-1.40.11 (TeX Live 2010) (format=latex 2012.12.29)  10 JAN 2013 15:13
entering extended mode
 restricted \write18 enabled.
 %&-line parsing enabled.
**adjustbox.ins
(./adjustbox.ins
LaTeX2e <2009/09/24>
Babel <v3.8l> and hyphenation patterns for english, dumylang, nohyphenation, ge
rman-x-2009-06-19, ngerman-x-2009-06-19, ancientgreek, ibycus, arabic, armenian
, basque, bulgarian, catalan, pinyin, coptic, croatian, czech, danish, dutch, u
kenglish, usenglishmax, esperanto, estonian, farsi, finnish, french, galician, 
german, ngerman, swissgerman, monogreek, greek, hungarian, icelandic, assamese,
 bengali, gujarati, hindi, kannada, malayalam, marathi, oriya, panjabi, tamil, 
telugu, indonesian, interlingua, irish, italian, kurmanji, lao, latin, latvian,
 lithuanian, mongolian, mongolianlmc, bokmal, nynorsk, polish, portuguese, roma
nian, russian, sanskrit, serbian, slovak, slovenian, spanish, swedish, turkish,
 turkmen, ukrainian, uppersorbian, welsh, loaded.
(./ydocstrip.tex
(/usr/local/texlive/2010/texmf-dist/tex/latex/base/docstrip.tex
\blockLevel=\count79
\emptyLines=\count80
\processedLines=\count81
\commentsRemoved=\count82
\commentsPassed=\count83
\codeLinesPassed=\count84
\TotalprocessedLines=\count85
\TotalcommentsRemoved=\count86
\TotalcommentsPassed=\count87
\TotalcodeLinesPassed=\count88
\NumberOfFiles=\count89
\inFile=\read1
\inputcheck=\read2
\off@0=\count90
\off@1=\count91
\off@2=\count92
\off@3=\count93
\off@4=\count94
\off@5=\count95
\off@6=\count96
\off@7=\count97
\off@8=\count98
\off@9=\count99
\off@10=\count100
\off@11=\count101
\off@12=\count102
\off@13=\count103
\off@14=\count104
\off@15=\count105
\@maxfiles=\count106
\@maxoutfiles=\count107

Utility: `docstrip' 2.5d <2005/07/29>
English documentation    <1999/03/31>

**********************************************************
* This program converts documented macro-files into fast *
* loadable files by stripping off (nearly) all comments! *
**********************************************************

********************************************************
* No Configuration file found, using default settings. *
********************************************************

))

Generating file(s) ./adjustbox.sty ./adjcalc.sty ./trimclip.sty ./tc-pgf.def ./
tc-pdftex.def ./tc-dvips.def ./tc-xetex.def ./box.tex ./compare.tex ./margin2.t
ex ./margin.tex ./trim2.tex ./trim3.tex ./trim.tex ./viewport2.tex ./viewport.t
ex 
\openout0 = `./adjustbox.sty'.


Processing file adjustbox.dtx (adjustbox.sty) -> adjustbox.sty
Lines  processed: 4214
Comments removed: 2875
Comments  passed: 1
Codelines passed: 1326

\openout0 = `./adjcalc.sty'.


Processing file adjcalc.dtx (adjcalc.sty) -> adjcalc.sty
Lines  processed: 389
Comments removed: 224
Comments  passed: 0
Codelines passed: 153

\openout0 = `./trimclip.sty'.

\openout1 = `./tc-pgf.def'.

\openout2 = `./tc-pdftex.def'.

\openout3 = `./tc-dvips.def'.

\openout4 = `./tc-xetex.def'.

\openout5 = `./box.tex'.

\openout6 = `./compare.tex'.

\openout7 = `./margin2.tex'.

\openout8 = `./margin.tex'.

\openout9 = `./trim2.tex'.

\openout10 = `./trim3.tex'.

\openout11 = `./trim.tex'.

\openout12 = `./viewport2.tex'.

\openout13 = `./viewport.tex'.


Processing file trimclip.dtx (trimclip.sty) -> trimclip.sty
                             (tc-pgf.def) -> tc-pgf.def
                             (tc-pdftex.def) -> tc-pdftex.def
                             (tc-dvips.def) -> tc-dvips.def
                             (tc-xetex.def) -> tc-xetex.def
                             (box.tex) -> box.tex
                             (compare.tex) -> compare.tex
                             (margin2.tex) -> margin2.tex
                             (margin.tex) -> margin.tex
                             (trim2.tex) -> trim2.tex
                             (trim3.tex) -> trim3.tex
                             (trim.tex) -> trim.tex
                             (viewport2.tex) -> viewport2.tex
                             (viewport.tex) -> viewport.tex
Lines  processed: 1919
Comments removed: 806
Comments  passed: 0
Codelines passed: 1039

Overall statistics:
Files  processed: 3
Lines  processed: 6522
Comments removed: 3905
Comments  passed: 1
Codelines passed: 2518
 ) 
Here is how much of TeX's memory you used:
 471 strings out of 493748
 5061 string characters out of 3143568
 57923 words of memory out of 3000000
 3840 multiletter control sequences out of 15000+200000
 3640 words of font info for 14 fonts, out of 3000000 for 9000
 714 hyphenation exceptions out of 8191
 12i,0n,15p,196b,285s stack positions out of 5000i,500n,10000p,200000b,50000s

No pages of output.
